Determining if the pthread_create exist failed with the following output:
Change Dir: /home/viki/ROS_Controller/build/CMakeFiles/CMakeTmp

Run Build Command:/usr/bin/make "cmTryCompileExec960765290/fast"
/usr/bin/make -f CMakeFiles/cmTryCompileExec960765290.dir/build.make CMakeFiles/cmTryCompileExec960765290.dir/build
make[1]: Entering directory `/home/viki/ROS_Controller/build/CMakeFiles/CMakeTmp'
/usr/bin/cmake -E cmake_progress_report /home/viki/ROS_Controller/build/CMakeFiles/CMakeTmp/CMakeFiles 1
Building C object CMakeFiles/cmTryCompileExec960765290.dir/CheckSymbolExists.c.o
/usr/bin/cc    -o CMakeFiles/cmTryCompileExec960765290.dir/CheckSymbolExists.c.o   -c /home/viki/ROS_Controller/build/CMakeFiles/CMakeTmp/CheckSymbolExists.c
Linking C executable cmTryCompileExec960765290
/usr/bin/cmake -E cmake_link_script CMakeFiles/cmTryCompileExec960765290.dir/link.txt --verbose=1
/usr/bin/cc       CMakeFiles/cmTryCompileExec960765290.dir/CheckSymbolExists.c.o  -o cmTryCompileExec960765290 -rdynamic 
CMakeFiles/cmTryCompileExec960765290.dir/CheckSymbolExists.c.o: In function `main':
CheckSymbolExists.c:(.text+0x16): undefined reference to `pthread_create'
collect2: error: ld returned 1 exit status
make[1]: *** [cmTryCompileExec960765290] Error 1
make[1]: Leaving directory `/home/viki/ROS_Controller/build/CMakeFiles/CMakeTmp'
make: *** [cmTryCompileExec960765290/fast] Error 2

File /home/viki/ROS_Controller/build/CMakeFiles/CMakeTmp/CheckSymbolExists.c:
/* */
#include <pthread.h>

int main(int argc, char** argv)
{
  (void)argv;
#ifndef pthread_create
  return ((int*)(&pthread_create))[argc];
#else
  (void)argc;
  return 0;
#endif
}

Determining if the function pthread_create exists in the pthreads failed with the following output:
Change Dir: /home/viki/ROS_Controller/build/CMakeFiles/CMakeTmp

Run Build Command:/usr/bin/make "cmTryCompileExec2038877584/fast"
/usr/bin/make -f CMakeFiles/cmTryCompileExec2038877584.dir/build.make CMakeFiles/cmTryCompileExec2038877584.dir/build
make[1]: Entering directory `/home/viki/ROS_Controller/build/CMakeFiles/CMakeTmp'
/usr/bin/cmake -E cmake_progress_report /home/viki/ROS_Controller/build/CMakeFiles/CMakeTmp/CMakeFiles 1
Building C object CMakeFiles/cmTryCompileExec2038877584.dir/CheckFunctionExists.c.o
/usr/bin/cc   -DCHECK_FUNCTION_EXISTS=pthread_create   -o CMakeFiles/cmTryCompileExec2038877584.dir/CheckFunctionExists.c.o   -c /usr/share/cmake-2.8/Modules/CheckFunctionExists.c
Linking C executable cmTryCompileExec2038877584
/usr/bin/cmake -E cmake_link_script CMakeFiles/cmTryCompileExec2038877584.dir/link.txt --verbose=1
/usr/bin/cc   -DCHECK_FUNCTION_EXISTS=pthread_create    CMakeFiles/cmTryCompileExec2038877584.dir/CheckFunctionExists.c.o  -o cmTryCompileExec2038877584 -rdynamic -lpthreads 
/usr/bin/ld: cannot find -lpthreads
collect2: error: ld returned 1 exit status
make[1]: *** [cmTryCompileExec2038877584] Error 1
make[1]: Leaving directory `/home/viki/ROS_Controller/build/CMakeFiles/CMakeTmp'
make: *** [cmTryCompileExec2038877584/fast] Error 2


